<?xml version="1.0" encoding="UTF-8"?>
<coverage line-rate="0.36514522821577" branch-rate="0" lines-covered="176" lines-valid="482" branches-covered="0" branches-valid="0" complexity="158" version="0.4" timestamp="0">
  <sources>
    <source>/var/www/html/valksor/src/Valksor/Component/Sse</source>
  </sources>
  <packages>
    <package name="Command/AbstractCommand.php" line-rate="0" branch-rate="0" complexity="3">
      <classes>
        <class name="Valksor\Component\Sse\Command\AbstractCommand" filename="Command/AbstractCommand.php" line-rate="0" branch-rate="0" complexity="3">
          <methods>
            <method name="executeSubCommand" signature="string $commandName, OutputInterface $output, array $arguments" line-rate="0" branch-rate="0" complexity="2">
              <lines>
                <line number="248" hits="0"/>
                <line number="250" hits="0"/>
                <line number="251" hits="0"/>
                <line number="254" hits="0"/>
                <line number="256" hits="0"/>
              </lines>
            </method>
            <method name="p" signature="string $name" line-rate="0" branch-rate="0" complexity="1">
              <lines>
                <line number="378" hits="0"/>
              </lines>
            </method>
          </methods>
          <lines>
            <line number="248" hits="0"/>
            <line number="250" hits="0"/>
            <line number="251" hits="0"/>
            <line number="254" hits="0"/>
            <line number="256" hits="0"/>
            <line number="378" hits="0"/>
          </lines>
        </class>
      </classes>
    </package>
    <package name="Command/SseCommand.php" line-rate="0.33333333333333" branch-rate="0" complexity="2">
      <classes>
        <class name="Valksor\Component\Sse\Command\SseCommand" filename="Command/SseCommand.php" line-rate="0.33333333333333" branch-rate="0" complexity="2">
          <methods>
            <method name="__construct" signature="ParameterBagInterface $parameterBag, SseService $sseService" line-rate="1" branch-rate="0" complexity="1">
              <lines>
                <line number="146" hits="3"/>
              </lines>
            </method>
            <method name="__invoke" signature="InputInterface $input, OutputInterface $output" line-rate="0" branch-rate="0" complexity="1">
              <lines>
                <line number="292" hits="0"/>
                <line number="294" hits="0"/>
              </lines>
            </method>
          </methods>
          <lines>
            <line number="146" hits="3"/>
            <line number="292" hits="0"/>
            <line number="294" hits="0"/>
          </lines>
        </class>
      </classes>
    </package>
    <package name="DependencyInjection/CompilerPass/TwigCompilerPass.php" line-rate="0" branch-rate="0" complexity="2">
      <classes>
        <class name="Valksor\Component\Sse\DependencyInjection\CompilerPass\TwigCompilerPass" filename="DependencyInjection/CompilerPass/TwigCompilerPass.php" line-rate="0" branch-rate="0" complexity="2">
          <methods>
            <method name="process" signature="ContainerBuilder $container" line-rate="0" branch-rate="0" complexity="2">
              <lines>
                <line number="204" hits="0"/>
                <line number="206" hits="0"/>
                <line number="210" hits="0"/>
                <line number="214" hits="0"/>
                <line number="215" hits="0"/>
                <line number="216" hits="0"/>
                <line number="217" hits="0"/>
              </lines>
            </method>
          </methods>
          <lines>
            <line number="204" hits="0"/>
            <line number="206" hits="0"/>
            <line number="210" hits="0"/>
            <line number="214" hits="0"/>
            <line number="215" hits="0"/>
            <line number="216" hits="0"/>
            <line number="217" hits="0"/>
          </lines>
        </class>
      </classes>
    </package>
    <package name="DependencyInjection/SseConfiguration.php" line-rate="0.05" branch-rate="0" complexity="9">
      <classes>
        <class name="Valksor\Component\Sse\DependencyInjection\SseConfiguration" filename="DependencyInjection/SseConfiguration.php" line-rate="0.05" branch-rate="0" complexity="9">
          <methods>
            <method name="addSection" signature="ArrayNodeDefinition $rootNode, callable $enableIfStandalone, string $component" line-rate="0" branch-rate="0" complexity="1">
              <lines>
                <line number="281" hits="0"/>
                <line number="282" hits="0"/>
                <line number="283" hits="0"/>
                <line number="284" hits="0"/>
                <line number="285" hits="0"/>
                <line number="286" hits="0"/>
                <line number="287" hits="0"/>
                <line number="288" hits="0"/>
                <line number="289" hits="0"/>
                <line number="290" hits="0"/>
                <line number="291" hits="0"/>
                <line number="292" hits="0"/>
                <line number="293" hits="0"/>
                <line number="294" hits="0"/>
                <line number="295" hits="0"/>
                <line number="296" hits="0"/>
                <line number="297" hits="0"/>
                <line number="298" hits="0"/>
                <line number="299" hits="0"/>
                <line number="300" hits="0"/>
                <line number="301" hits="0"/>
                <line number="302" hits="0"/>
                <line number="303" hits="0"/>
                <line number="304" hits="0"/>
                <line number="305" hits="0"/>
                <line number="306" hits="0"/>
                <line number="307" hits="0"/>
                <line number="308" hits="0"/>
                <line number="309" hits="0"/>
                <line number="310" hits="0"/>
                <line number="311" hits="0"/>
              </lines>
            </method>
            <method name="build" signature="ContainerBuilder $container" line-rate="1" branch-rate="0" complexity="1">
              <lines>
                <line number="317" hits="1"/>
              </lines>
            </method>
            <method name="registerPreConfiguration" signature="ContainerConfigurator $container, ContainerBuilder $builder, string $component" line-rate="0.071428571428571" branch-rate="0" complexity="7">
              <lines>
                <line number="325" hits="1"/>
                <line number="326" hits="0"/>
                <line number="328" hits="0"/>
                <line number="329" hits="0"/>
                <line number="332" hits="0"/>
                <line number="335" hits="0"/>
                <line number="336" hits="0"/>
                <line number="338" hits="0"/>
                <line number="339" hits="0"/>
                <line number="342" hits="0"/>
                <line number="345" hits="0"/>
                <line number="347" hits="0"/>
                <line number="348" hits="0"/>
                <line number="350" hits="0"/>
                <line number="351" hits="0"/>
                <line number="352" hits="0"/>
                <line number="353" hits="0"/>
                <line number="354" hits="0"/>
                <line number="355" hits="0"/>
                <line number="356" hits="0"/>
                <line number="359" hits="1"/>
                <line number="360" hits="0"/>
                <line number="362" hits="0"/>
                <line number="363" hits="0"/>
                <line number="364" hits="0"/>
                <line number="365" hits="0"/>
                <line number="366" hits="0"/>
                <line number="367" hits="0"/>
              </lines>
            </method>
          </methods>
          <lines>
            <line number="281" hits="0"/>
            <line number="282" hits="0"/>
            <line number="283" hits="0"/>
            <line number="284" hits="0"/>
            <line number="285" hits="0"/>
            <line number="286" hits="0"/>
            <line number="287" hits="0"/>
            <line number="288" hits="0"/>
            <line number="289" hits="0"/>
            <line number="290" hits="0"/>
            <line number="291" hits="0"/>
            <line number="292" hits="0"/>
            <line number="293" hits="0"/>
            <line number="294" hits="0"/>
            <line number="295" hits="0"/>
            <line number="296" hits="0"/>
            <line number="297" hits="0"/>
            <line number="298" hits="0"/>
            <line number="299" hits="0"/>
            <line number="300" hits="0"/>
            <line number="301" hits="0"/>
            <line number="302" hits="0"/>
            <line number="303" hits="0"/>
            <line number="304" hits="0"/>
            <line number="305" hits="0"/>
            <line number="306" hits="0"/>
            <line number="307" hits="0"/>
            <line number="308" hits="0"/>
            <line number="309" hits="0"/>
            <line number="310" hits="0"/>
            <line number="311" hits="0"/>
            <line number="317" hits="1"/>
            <line number="325" hits="1"/>
            <line number="326" hits="0"/>
            <line number="328" hits="0"/>
            <line number="329" hits="0"/>
            <line number="332" hits="0"/>
            <line number="335" hits="0"/>
            <line number="336" hits="0"/>
            <line number="338" hits="0"/>
            <line number="339" hits="0"/>
            <line number="342" hits="0"/>
            <line number="345" hits="0"/>
            <line number="347" hits="0"/>
            <line number="348" hits="0"/>
            <line number="350" hits="0"/>
            <line number="351" hits="0"/>
            <line number="352" hits="0"/>
            <line number="353" hits="0"/>
            <line number="354" hits="0"/>
            <line number="355" hits="0"/>
            <line number="356" hits="0"/>
            <line number="359" hits="1"/>
            <line number="360" hits="0"/>
            <line number="362" hits="0"/>
            <line number="363" hits="0"/>
            <line number="364" hits="0"/>
            <line number="365" hits="0"/>
            <line number="366" hits="0"/>
            <line number="367" hits="0"/>
          </lines>
        </class>
      </classes>
    </package>
    <package name="Helper.php" line-rate="1" branch-rate="0" complexity="8">
      <classes>
        <class name="Valksor\Component\Sse\Helper" filename="Helper.php" line-rate="1" branch-rate="0" complexity="8">
          <methods>
            <method name="ensureDirectory" signature="string $directory" line-rate="1" branch-rate="0" complexity="2">
              <lines>
                <line number="284" hits="6"/>
                <line number="286" hits="6"/>
                <line number="287" hits="2"/>
                <line number="289" hits="2"/>
                <line number="292" hits="6"/>
              </lines>
            </method>
            <method name="jsonDecode" signature="string $json" line-rate="1" branch-rate="0" complexity="2">
              <lines>
                <line number="426" hits="1"/>
                <line number="428" hits="1"/>
                <line number="429" hits="1"/>
                <line number="431" hits="1"/>
                <line number="434" hits="1"/>
              </lines>
            </method>
            <method name="jsonEncode" signature="mixed $data" line-rate="1" branch-rate="0" complexity="2">
              <lines>
                <line number="585" hits="1"/>
                <line number="587" hits="1"/>
                <line number="588" hits="1"/>
                <line number="590" hits="1"/>
                <line number="593" hits="1"/>
              </lines>
            </method>
            <method name="setServiceIo" signature="object $service, SymfonyStyle $io" line-rate="1" branch-rate="0" complexity="2">
              <lines>
                <line number="739" hits="2"/>
                <line number="740" hits="1"/>
              </lines>
            </method>
          </methods>
          <lines>
            <line number="284" hits="6"/>
            <line number="286" hits="6"/>
            <line number="287" hits="2"/>
            <line number="289" hits="2"/>
            <line number="292" hits="6"/>
            <line number="426" hits="1"/>
            <line number="428" hits="1"/>
            <line number="429" hits="1"/>
            <line number="431" hits="1"/>
            <line number="434" hits="1"/>
            <line number="585" hits="1"/>
            <line number="587" hits="1"/>
            <line number="588" hits="1"/>
            <line number="590" hits="1"/>
            <line number="593" hits="1"/>
            <line number="739" hits="2"/>
            <line number="740" hits="1"/>
          </lines>
        </class>
      </classes>
    </package>
    <package name="Service/AbstractService.php" line-rate="0.53521126760563" branch-rate="0" complexity="29">
      <classes>
        <class name="Valksor\Component\Sse\Service\AbstractService" filename="Service/AbstractService.php" line-rate="0.53521126760563" branch-rate="0" complexity="29">
          <methods>
            <method name="__construct" signature="ParameterBagInterface $parameterBag" line-rate="1" branch-rate="0" complexity="1">
              <lines>
                <line number="207" hits="32"/>
              </lines>
            </method>
            <method name="createPidFilePath" signature="string $serviceName" line-rate="1" branch-rate="0" complexity="1">
              <lines>
                <line number="242" hits="5"/>
                <line number="243" hits="5"/>
                <line number="245" hits="5"/>
              </lines>
            </method>
            <method name="getIo" signature="" line-rate="0" branch-rate="0" complexity="1">
              <lines>
                <line number="250" hits="0"/>
              </lines>
            </method>
            <method name="isProcessRunning" signature="string $serviceName" line-rate="1" branch-rate="0" complexity="3">
              <lines>
                <line number="256" hits="3"/>
                <line number="258" hits="3"/>
                <line number="259" hits="1"/>
                <line number="262" hits="2"/>
                <line number="264" hits="2"/>
                <line number="265" hits="1"/>
                <line number="267" hits="1"/>
                <line number="270" hits="1"/>
              </lines>
            </method>
            <method name="isRunning" signature="" line-rate="1" branch-rate="0" complexity="1">
              <lines>
                <line number="275" hits="2"/>
              </lines>
            </method>
            <method name="killConflictingSseProcesses" signature="SymfonyStyle $io" line-rate="0.66666666666667" branch-rate="0" complexity="3">
              <lines>
                <line number="281" hits="2"/>
                <line number="282" hits="1"/>
                <line number="283" hits="0"/>
              </lines>
            </method>
            <method name="killPreviousProcess" signature="string $serviceName, SymfonyStyle $io" line-rate="0" branch-rate="0" complexity="7">
              <lines>
                <line number="292" hits="0"/>
                <line number="294" hits="0"/>
                <line number="295" hits="0"/>
                <line number="298" hits="0"/>
                <line number="300" hits="0"/>
                <line number="301" hits="0"/>
                <line number="302" hits="0"/>
                <line number="304" hits="0"/>
                <line number="307" hits="0"/>
                <line number="309" hits="0"/>
                <line number="310" hits="0"/>
                <line number="311" hits="0"/>
                <line number="313" hits="0"/>
                <line number="316" hits="0"/>
                <line number="318" hits="0"/>
                <line number="319" hits="0"/>
                <line number="320" hits="0"/>
                <line number="321" hits="0"/>
                <line number="323" hits="0"/>
                <line number="324" hits="0"/>
                <line number="325" hits="0"/>
                <line number="326" hits="0"/>
                <line number="328" hits="0"/>
                <line number="331" hits="0"/>
                <line number="332" hits="0"/>
                <line number="335" hits="0"/>
                <line number="336" hits="0"/>
                <line number="337" hits="0"/>
                <line number="339" hits="0"/>
                <line number="342" hits="0"/>
              </lines>
            </method>
            <method name="p" signature="string $name" line-rate="1" branch-rate="0" complexity="1">
              <lines>
                <line number="348" hits="1"/>
              </lines>
            </method>
            <method name="parseCommaSeparatedList" signature="string $input" line-rate="1" branch-rate="0" complexity="1">
              <lines>
                <line number="357" hits="1"/>
              </lines>
            </method>
            <method name="reload" signature="" line-rate="1" branch-rate="0" complexity="1">
              <lines>
                <line number="362" hits="1"/>
              </lines>
            </method>
            <method name="removePidFile" signature="" line-rate="1" branch-rate="0" complexity="2">
              <lines>
                <line number="367" hits="3"/>
                <line number="369" hits="3"/>
                <line number="370" hits="3"/>
              </lines>
            </method>
            <method name="setIo" signature="SymfonyStyle $io" line-rate="1" branch-rate="0" complexity="1">
              <lines>
                <line number="377" hits="2"/>
                <line number="379" hits="2"/>
              </lines>
            </method>
            <method name="startWithLifecycle" signature="SymfonyStyle $io" line-rate="1" branch-rate="0" complexity="2">
              <lines>
                <line number="445" hits="2"/>
                <line number="448" hits="2"/>
                <line number="451" hits="2"/>
                <line number="452" hits="2"/>
                <line number="455" hits="2"/>
                <line number="456" hits="1"/>
                <line number="458" hits="1"/>
                <line number="459" hits="1"/>
                <line number="460" hits="1"/>
                <line number="461" hits="1"/>
                <line number="463" hits="1"/>
              </lines>
            </method>
            <method name="stop" signature="" line-rate="1" branch-rate="0" complexity="1">
              <lines>
                <line number="469" hits="1"/>
                <line number="470" hits="1"/>
              </lines>
            </method>
            <method name="writePidFile" signature="" line-rate="1" branch-rate="0" complexity="1">
              <lines>
                <line number="475" hits="2"/>
              </lines>
            </method>
            <method name="getSseProcessesToKill" signature="" line-rate="1" branch-rate="0" complexity="1">
              <lines>
                <line number="483" hits="1"/>
              </lines>
            </method>
            <method name="isPidAlive" signature="int $pid" line-rate="0" branch-rate="0" complexity="1">
              <lines>
                <line number="498" hits="0"/>
              </lines>
            </method>
          </methods>
          <lines>
            <line number="207" hits="32"/>
            <line number="242" hits="5"/>
            <line number="243" hits="5"/>
            <line number="245" hits="5"/>
            <line number="250" hits="0"/>
            <line number="256" hits="3"/>
            <line number="258" hits="3"/>
            <line number="259" hits="1"/>
            <line number="262" hits="2"/>
            <line number="264" hits="2"/>
            <line number="265" hits="1"/>
            <line number="267" hits="1"/>
            <line number="270" hits="1"/>
            <line number="275" hits="2"/>
            <line number="281" hits="2"/>
            <line number="282" hits="1"/>
            <line number="283" hits="0"/>
            <line number="292" hits="0"/>
            <line number="294" hits="0"/>
            <line number="295" hits="0"/>
            <line number="298" hits="0"/>
            <line number="300" hits="0"/>
            <line number="301" hits="0"/>
            <line number="302" hits="0"/>
            <line number="304" hits="0"/>
            <line number="307" hits="0"/>
            <line number="309" hits="0"/>
            <line number="310" hits="0"/>
            <line number="311" hits="0"/>
            <line number="313" hits="0"/>
            <line number="316" hits="0"/>
            <line number="318" hits="0"/>
            <line number="319" hits="0"/>
            <line number="320" hits="0"/>
            <line number="321" hits="0"/>
            <line number="323" hits="0"/>
            <line number="324" hits="0"/>
            <line number="325" hits="0"/>
            <line number="326" hits="0"/>
            <line number="328" hits="0"/>
            <line number="331" hits="0"/>
            <line number="332" hits="0"/>
            <line number="335" hits="0"/>
            <line number="336" hits="0"/>
            <line number="337" hits="0"/>
            <line number="339" hits="0"/>
            <line number="342" hits="0"/>
            <line number="348" hits="1"/>
            <line number="357" hits="1"/>
            <line number="362" hits="1"/>
            <line number="367" hits="3"/>
            <line number="369" hits="3"/>
            <line number="370" hits="3"/>
            <line number="377" hits="2"/>
            <line number="379" hits="2"/>
            <line number="445" hits="2"/>
            <line number="448" hits="2"/>
            <line number="451" hits="2"/>
            <line number="452" hits="2"/>
            <line number="455" hits="2"/>
            <line number="456" hits="1"/>
            <line number="458" hits="1"/>
            <line number="459" hits="1"/>
            <line number="460" hits="1"/>
            <line number="461" hits="1"/>
            <line number="463" hits="1"/>
            <line number="469" hits="1"/>
            <line number="470" hits="1"/>
            <line number="475" hits="2"/>
            <line number="483" hits="1"/>
            <line number="498" hits="0"/>
          </lines>
        </class>
      </classes>
    </package>
    <package name="Service/ServiceInterface.php" line-rate="0" branch-rate="0" complexity="0">
      <classes/>
    </package>
    <package name="Service/SseService.php" line-rate="0.3047619047619" branch-rate="0" complexity="62">
      <classes>
        <class name="Valksor\Component\Sse\Service\SseService" filename="Service/SseService.php" line-rate="0.3047619047619" branch-rate="0" complexity="62">
          <methods>
            <method name="start" signature="array $config" line-rate="0" branch-rate="0" complexity="12">
              <lines>
                <line number="238" hits="0"/>
                <line number="239" hits="0"/>
                <line number="240" hits="0"/>
                <line number="241" hits="0"/>
                <line number="242" hits="0"/>
                <line number="243" hits="0"/>
                <line number="245" hits="0"/>
                <line number="247" hits="0"/>
                <line number="249" hits="0"/>
                <line number="250" hits="0"/>
                <line number="252" hits="0"/>
                <line number="255" hits="0"/>
                <line number="256" hits="0"/>
                <line number="258" hits="0"/>
                <line number="259" hits="0"/>
                <line number="260" hits="0"/>
                <line number="261" hits="0"/>
                <line number="263" hits="0"/>
                <line number="264" hits="0"/>
                <line number="265" hits="0"/>
                <line number="266" hits="0"/>
                <line number="267" hits="0"/>
                <line number="268" hits="0"/>
                <line number="269" hits="0"/>
                <line number="270" hits="0"/>
                <line number="271" hits="0"/>
                <line number="272" hits="0"/>
                <line number="273" hits="0"/>
                <line number="276" hits="0"/>
                <line number="277" hits="0"/>
                <line number="278" hits="0"/>
                <line number="280" hits="0"/>
                <line number="281" hits="0"/>
                <line number="282" hits="0"/>
                <line number="284" hits="0"/>
                <line number="286" hits="0"/>
                <line number="287" hits="0"/>
                <line number="290" hits="0"/>
                <line number="291" hits="0"/>
                <line number="292" hits="0"/>
                <line number="294" hits="0"/>
                <line number="297" hits="0"/>
                <line number="300" hits="0"/>
                <line number="301" hits="0"/>
                <line number="302" hits="0"/>
                <line number="304" hits="0"/>
                <line number="305" hits="0"/>
                <line number="306" hits="0"/>
                <line number="307" hits="0"/>
                <line number="310" hits="0"/>
                <line number="311" hits="0"/>
                <line number="312" hits="0"/>
                <line number="313" hits="0"/>
                <line number="318" hits="0"/>
                <line number="319" hits="0"/>
                <line number="321" hits="0"/>
                <line number="323" hits="0"/>
              </lines>
            </method>
            <method name="triggerReload" signature="array $files, array $metadata" line-rate="0.57142857142857" branch-rate="0" complexity="4">
              <lines>
                <line number="407" hits="3"/>
                <line number="408" hits="3"/>
                <line number="410" hits="3"/>
                <line number="411" hits="3"/>
                <line number="413" hits="0"/>
                <line number="414" hits="0"/>
                <line number="415" hits="0"/>
              </lines>
            </method>
            <method name="getServiceName" signature="" line-rate="0" branch-rate="0" complexity="1">
              <lines>
                <line number="422" hits="0"/>
              </lines>
            </method>
            <method name="getSseProcessesToKill" signature="" line-rate="0" branch-rate="0" complexity="1">
              <lines>
                <line number="430" hits="0"/>
              </lines>
            </method>
            <method name="acceptClient" signature="$server, string $basePath" line-rate="0" branch-rate="0" complexity="12">
              <lines>
                <line number="509" hits="0"/>
                <line number="511" hits="0"/>
                <line number="512" hits="0"/>
                <line number="515" hits="0"/>
                <line number="517" hits="0"/>
                <line number="518" hits="0"/>
                <line number="520" hits="0"/>
                <line number="521" hits="0"/>
                <line number="523" hits="0"/>
                <line number="524" hits="0"/>
                <line number="526" hits="0"/>
                <line number="527" hits="0"/>
                <line number="529" hits="0"/>
                <line number="532" hits="0"/>
                <line number="535" hits="0"/>
                <line number="537" hits="0"/>
                <line number="538" hits="0"/>
                <line number="542" hits="0"/>
                <line number="544" hits="0"/>
                <line number="545" hits="0"/>
                <line number="547" hits="0"/>
                <line number="550" hits="0"/>
                <line number="552" hits="0"/>
                <line number="553" hits="0"/>
                <line number="554" hits="0"/>
                <line number="556" hits="0"/>
                <line number="559" hits="0"/>
                <line number="560" hits="0"/>
                <line number="561" hits="0"/>
                <line number="563" hits="0"/>
                <line number="566" hits="0"/>
                <line number="567" hits="0"/>
                <line number="569" hits="0"/>
                <line number="572" hits="0"/>
                <line number="574" hits="0"/>
                <line number="575" hits="0"/>
                <line number="577" hits="0"/>
                <line number="580" hits="0"/>
                <line number="581" hits="0"/>
                <line number="582" hits="0"/>
                <line number="584" hits="0"/>
                <line number="587" hits="0"/>
                <line number="588" hits="0"/>
              </lines>
            </method>
            <method name="broadcast" signature="string $event, array $payload" line-rate="0.83333333333333" branch-rate="0" complexity="3">
              <lines>
                <line number="668" hits="5"/>
                <line number="669" hits="5"/>
                <line number="671" hits="5"/>
                <line number="672" hits="3"/>
                <line number="674" hits="3"/>
                <line number="675" hits="0"/>
              </lines>
            </method>
            <method name="checkReloadSignal" signature="" line-rate="0.1875" branch-rate="0" complexity="5">
              <lines>
                <line number="685" hits="2"/>
                <line number="687" hits="2"/>
                <line number="688" hits="2"/>
                <line number="691" hits="0"/>
                <line number="693" hits="0"/>
                <line number="694" hits="0"/>
                <line number="697" hits="0"/>
                <line number="699" hits="0"/>
                <line number="700" hits="0"/>
                <line number="702" hits="0"/>
                <line number="705" hits="0"/>
                <line number="707" hits="0"/>
                <line number="708" hits="0"/>
                <line number="712" hits="0"/>
                <line number="715" hits="0"/>
                <line number="716" hits="0"/>
              </lines>
            </method>
            <method name="createServer" signature="string $bindAddress, int $port, string $domain, ?string $sslCertPath, ?string $sslKeyPath" line-rate="0.45945945945946" branch-rate="0" complexity="8">
              <lines>
                <line number="776" hits="2"/>
                <line number="777" hits="1"/>
                <line number="778" hits="1"/>
                <line number="779" hits="1"/>
                <line number="782" hits="2"/>
                <line number="783" hits="2"/>
                <line number="785" hits="2"/>
                <line number="786" hits="0"/>
                <line number="787" hits="0"/>
                <line number="788" hits="0"/>
                <line number="789" hits="0"/>
                <line number="790" hits="0"/>
                <line number="791" hits="0"/>
                <line number="792" hits="0"/>
                <line number="793" hits="0"/>
                <line number="795" hits="0"/>
                <line number="796" hits="0"/>
                <line number="797" hits="0"/>
                <line number="798" hits="0"/>
                <line number="799" hits="0"/>
                <line number="800" hits="0"/>
                <line number="801" hits="0"/>
                <line number="803" hits="0"/>
                <line number="804" hits="0"/>
                <line number="806" hits="0"/>
                <line number="810" hits="2"/>
                <line number="811" hits="2"/>
                <line number="812" hits="2"/>
                <line number="813" hits="2"/>
                <line number="814" hits="2"/>
                <line number="815" hits="2"/>
                <line number="816" hits="2"/>
                <line number="818" hits="2"/>
                <line number="819" hits="0"/>
                <line number="821" hits="0"/>
                <line number="825" hits="2"/>
                <line number="827" hits="2"/>
              </lines>
            </method>
            <method name="handleClientRead" signature="$client" line-rate="0" branch-rate="0" complexity="2">
              <lines>
                <line number="836" hits="0"/>
                <line number="837" hits="0"/>
              </lines>
            </method>
            <method name="parseRequestLine" signature="string $line" line-rate="1" branch-rate="0" complexity="3">
              <lines>
                <line number="847" hits="4"/>
                <line number="848" hits="4"/>
                <line number="849" hits="4"/>
                <line number="851" hits="4"/>
                <line number="853" hits="4"/>
                <line number="854" hits="4"/>
                <line number="857" hits="4"/>
              </lines>
            </method>
            <method name="purgeClosedClients" signature="" line-rate="0.33333333333333" branch-rate="0" complexity="3">
              <lines>
                <line number="862" hits="1"/>
                <line number="863" hits="0"/>
                <line number="864" hits="0"/>
              </lines>
            </method>
            <method name="removeClient" signature="$client" line-rate="0.5" branch-rate="0" complexity="2">
              <lines>
                <line number="875" hits="2"/>
                <line number="877" hits="2"/>
                <line number="878" hits="0"/>
                <line number="879" hits="0"/>
              </lines>
            </method>
            <method name="sendKeepAlive" signature="" line-rate="0.75" branch-rate="0" complexity="2">
              <lines>
                <line number="888" hits="2"/>
                <line number="889" hits="0"/>
                <line number="892" hits="2"/>
                <line number="893" hits="2"/>
              </lines>
            </method>
            <method name="sendResponse" signature="$client, int $statusCode, array $headers, string $body" line-rate="1" branch-rate="0" complexity="3">
              <lines>
                <line number="906" hits="2"/>
                <line number="908" hits="2"/>
                <line number="909" hits="1"/>
                <line number="911" hits="1"/>
                <line number="914" hits="2"/>
                <line number="916" hits="2"/>
                <line number="917" hits="2"/>
                <line number="919" hits="2"/>
                <line number="920" hits="2"/>
                <line number="922" hits="2"/>
              </lines>
            </method>
            <method name="upgradeToSse" signature="$client" line-rate="1" branch-rate="0" complexity="1">
              <lines>
                <line number="931" hits="1"/>
                <line number="932" hits="1"/>
                <line number="933" hits="1"/>
                <line number="934" hits="1"/>
                <line number="935" hits="1"/>
                <line number="936" hits="1"/>
                <line number="937" hits="1"/>
                <line number="938" hits="1"/>
                <line number="939" hits="1"/>
                <line number="941" hits="1"/>
                <line number="943" hits="1"/>
                <line number="944" hits="1"/>
              </lines>
            </method>
          </methods>
          <lines>
            <line number="238" hits="0"/>
            <line number="239" hits="0"/>
            <line number="240" hits="0"/>
            <line number="241" hits="0"/>
            <line number="242" hits="0"/>
            <line number="243" hits="0"/>
            <line number="245" hits="0"/>
            <line number="247" hits="0"/>
            <line number="249" hits="0"/>
            <line number="250" hits="0"/>
            <line number="252" hits="0"/>
            <line number="255" hits="0"/>
            <line number="256" hits="0"/>
            <line number="258" hits="0"/>
            <line number="259" hits="0"/>
            <line number="260" hits="0"/>
            <line number="261" hits="0"/>
            <line number="263" hits="0"/>
            <line number="264" hits="0"/>
            <line number="265" hits="0"/>
            <line number="266" hits="0"/>
            <line number="267" hits="0"/>
            <line number="268" hits="0"/>
            <line number="269" hits="0"/>
            <line number="270" hits="0"/>
            <line number="271" hits="0"/>
            <line number="272" hits="0"/>
            <line number="273" hits="0"/>
            <line number="276" hits="0"/>
            <line number="277" hits="0"/>
            <line number="278" hits="0"/>
            <line number="280" hits="0"/>
            <line number="281" hits="0"/>
            <line number="282" hits="0"/>
            <line number="284" hits="0"/>
            <line number="286" hits="0"/>
            <line number="287" hits="0"/>
            <line number="290" hits="0"/>
            <line number="291" hits="0"/>
            <line number="292" hits="0"/>
            <line number="294" hits="0"/>
            <line number="297" hits="0"/>
            <line number="300" hits="0"/>
            <line number="301" hits="0"/>
            <line number="302" hits="0"/>
            <line number="304" hits="0"/>
            <line number="305" hits="0"/>
            <line number="306" hits="0"/>
            <line number="307" hits="0"/>
            <line number="310" hits="0"/>
            <line number="311" hits="0"/>
            <line number="312" hits="0"/>
            <line number="313" hits="0"/>
            <line number="318" hits="0"/>
            <line number="319" hits="0"/>
            <line number="321" hits="0"/>
            <line number="323" hits="0"/>
            <line number="407" hits="3"/>
            <line number="408" hits="3"/>
            <line number="410" hits="3"/>
            <line number="411" hits="3"/>
            <line number="413" hits="0"/>
            <line number="414" hits="0"/>
            <line number="415" hits="0"/>
            <line number="422" hits="0"/>
            <line number="430" hits="0"/>
            <line number="509" hits="0"/>
            <line number="511" hits="0"/>
            <line number="512" hits="0"/>
            <line number="515" hits="0"/>
            <line number="517" hits="0"/>
            <line number="518" hits="0"/>
            <line number="520" hits="0"/>
            <line number="521" hits="0"/>
            <line number="523" hits="0"/>
            <line number="524" hits="0"/>
            <line number="526" hits="0"/>
            <line number="527" hits="0"/>
            <line number="529" hits="0"/>
            <line number="532" hits="0"/>
            <line number="535" hits="0"/>
            <line number="537" hits="0"/>
            <line number="538" hits="0"/>
            <line number="542" hits="0"/>
            <line number="544" hits="0"/>
            <line number="545" hits="0"/>
            <line number="547" hits="0"/>
            <line number="550" hits="0"/>
            <line number="552" hits="0"/>
            <line number="553" hits="0"/>
            <line number="554" hits="0"/>
            <line number="556" hits="0"/>
            <line number="559" hits="0"/>
            <line number="560" hits="0"/>
            <line number="561" hits="0"/>
            <line number="563" hits="0"/>
            <line number="566" hits="0"/>
            <line number="567" hits="0"/>
            <line number="569" hits="0"/>
            <line number="572" hits="0"/>
            <line number="574" hits="0"/>
            <line number="575" hits="0"/>
            <line number="577" hits="0"/>
            <line number="580" hits="0"/>
            <line number="581" hits="0"/>
            <line number="582" hits="0"/>
            <line number="584" hits="0"/>
            <line number="587" hits="0"/>
            <line number="588" hits="0"/>
            <line number="668" hits="5"/>
            <line number="669" hits="5"/>
            <line number="671" hits="5"/>
            <line number="672" hits="3"/>
            <line number="674" hits="3"/>
            <line number="675" hits="0"/>
            <line number="685" hits="2"/>
            <line number="687" hits="2"/>
            <line number="688" hits="2"/>
            <line number="691" hits="0"/>
            <line number="693" hits="0"/>
            <line number="694" hits="0"/>
            <line number="697" hits="0"/>
            <line number="699" hits="0"/>
            <line number="700" hits="0"/>
            <line number="702" hits="0"/>
            <line number="705" hits="0"/>
            <line number="707" hits="0"/>
            <line number="708" hits="0"/>
            <line number="712" hits="0"/>
            <line number="715" hits="0"/>
            <line number="716" hits="0"/>
            <line number="776" hits="2"/>
            <line number="777" hits="1"/>
            <line number="778" hits="1"/>
            <line number="779" hits="1"/>
            <line number="782" hits="2"/>
            <line number="783" hits="2"/>
            <line number="785" hits="2"/>
            <line number="786" hits="0"/>
            <line number="787" hits="0"/>
            <line number="788" hits="0"/>
            <line number="789" hits="0"/>
            <line number="790" hits="0"/>
            <line number="791" hits="0"/>
            <line number="792" hits="0"/>
            <line number="793" hits="0"/>
            <line number="795" hits="0"/>
            <line number="796" hits="0"/>
            <line number="797" hits="0"/>
            <line number="798" hits="0"/>
            <line number="799" hits="0"/>
            <line number="800" hits="0"/>
            <line number="801" hits="0"/>
            <line number="803" hits="0"/>
            <line number="804" hits="0"/>
            <line number="806" hits="0"/>
            <line number="810" hits="2"/>
            <line number="811" hits="2"/>
            <line number="812" hits="2"/>
            <line number="813" hits="2"/>
            <line number="814" hits="2"/>
            <line number="815" hits="2"/>
            <line number="816" hits="2"/>
            <line number="818" hits="2"/>
            <line number="819" hits="0"/>
            <line number="821" hits="0"/>
            <line number="825" hits="2"/>
            <line number="827" hits="2"/>
            <line number="836" hits="0"/>
            <line number="837" hits="0"/>
            <line number="847" hits="4"/>
            <line number="848" hits="4"/>
            <line number="849" hits="4"/>
            <line number="851" hits="4"/>
            <line number="853" hits="4"/>
            <line number="854" hits="4"/>
            <line number="857" hits="4"/>
            <line number="862" hits="1"/>
            <line number="863" hits="0"/>
            <line number="864" hits="0"/>
            <line number="875" hits="2"/>
            <line number="877" hits="2"/>
            <line number="878" hits="0"/>
            <line number="879" hits="0"/>
            <line number="888" hits="2"/>
            <line number="889" hits="0"/>
            <line number="892" hits="2"/>
            <line number="893" hits="2"/>
            <line number="906" hits="2"/>
            <line number="908" hits="2"/>
            <line number="909" hits="1"/>
            <line number="911" hits="1"/>
            <line number="914" hits="2"/>
            <line number="916" hits="2"/>
            <line number="917" hits="2"/>
            <line number="919" hits="2"/>
            <line number="920" hits="2"/>
            <line number="922" hits="2"/>
            <line number="931" hits="1"/>
            <line number="932" hits="1"/>
            <line number="933" hits="1"/>
            <line number="934" hits="1"/>
            <line number="935" hits="1"/>
            <line number="936" hits="1"/>
            <line number="937" hits="1"/>
            <line number="938" hits="1"/>
            <line number="939" hits="1"/>
            <line number="941" hits="1"/>
            <line number="943" hits="1"/>
            <line number="944" hits="1"/>
          </lines>
        </class>
      </classes>
    </package>
    <package name="Twig/ImportMapExtension.php" line-rate="1" branch-rate="0" complexity="1">
      <classes>
        <class name="Valksor\Component\Sse\Twig\ImportMapExtension" filename="Twig/ImportMapExtension.php" line-rate="1" branch-rate="0" complexity="1">
          <methods>
            <method name="getFunctions" signature="" line-rate="1" branch-rate="0" complexity="1">
              <lines>
                <line number="302" hits="3"/>
                <line number="304" hits="3"/>
                <line number="305" hits="3"/>
                <line number="306" hits="3"/>
                <line number="307" hits="3"/>
                <line number="308" hits="3"/>
                <line number="311" hits="3"/>
                <line number="312" hits="3"/>
                <line number="313" hits="3"/>
                <line number="314" hits="3"/>
                <line number="315" hits="3"/>
                <line number="316" hits="3"/>
              </lines>
            </method>
          </methods>
          <lines>
            <line number="302" hits="3"/>
            <line number="304" hits="3"/>
            <line number="305" hits="3"/>
            <line number="306" hits="3"/>
            <line number="307" hits="3"/>
            <line number="308" hits="3"/>
            <line number="311" hits="3"/>
            <line number="312" hits="3"/>
            <line number="313" hits="3"/>
            <line number="314" hits="3"/>
            <line number="315" hits="3"/>
            <line number="316" hits="3"/>
          </lines>
        </class>
      </classes>
    </package>
    <package name="Twig/ImportMapRuntime.php" line-rate="0.42708333333333" branch-rate="0" complexity="42">
      <classes>
        <class name="Valksor\Component\Sse\Twig\ImportMapRuntime" filename="Twig/ImportMapRuntime.php" line-rate="0.42708333333333" branch-rate="0" complexity="42">
          <methods>
            <method name="__construct" signature="ImportMapGenerator $importMapGenerator, ?Packages $assetPackages, ?RequestStack $requestStack" line-rate="1" branch-rate="0" complexity="1">
              <lines>
                <line number="67" hits="2"/>
                <line number="68" hits="2"/>
              </lines>
            </method>
            <method name="renderDefinition" signature="string|array $entryPoint, array $attributes" line-rate="0.45454545454545" branch-rate="0" complexity="22">
              <lines>
                <line number="159" hits="1"/>
                <line number="160" hits="0"/>
                <line number="163" hits="1"/>
                <line number="164" hits="1"/>
                <line number="166" hits="1"/>
                <line number="167" hits="0"/>
                <line number="169" hits="0"/>
                <line number="170" hits="0"/>
                <line number="171" hits="0"/>
                <line number="174" hits="0"/>
                <line number="175" hits="0"/>
                <line number="180" hits="1"/>
                <line number="182" hits="1"/>
                <line number="183" hits="1"/>
                <line number="184" hits="1"/>
                <line number="185" hits="1"/>
                <line number="187" hits="1"/>
                <line number="188" hits="0"/>
                <line number="190" hits="0"/>
                <line number="191" hits="0"/>
                <line number="194" hits="0"/>
                <line number="195" hits="0"/>
                <line number="198" hits="0"/>
                <line number="200" hits="0"/>
                <line number="201" hits="0"/>
                <line number="203" hits="0"/>
                <line number="204" hits="0"/>
                <line number="206" hits="0"/>
                <line number="207" hits="0"/>
                <line number="209" hits="0"/>
                <line number="210" hits="0"/>
                <line number="212" hits="0"/>
                <line number="213" hits="0"/>
                <line number="214" hits="0"/>
                <line number="216" hits="0"/>
                <line number="220" hits="1"/>
                <line number="222" hits="1"/>
                <line number="223" hits="0"/>
                <line number="224" hits="0"/>
                <line number="228" hits="1"/>
                <line number="229" hits="0"/>
                <line number="232" hits="1"/>
                <line number="234" hits="1"/>
                <line number="236" hits="1"/>
                <line number="237" hits="1"/>
                <line number="239" hits="1"/>
                <line number="241" hits="1"/>
                <line number="243" hits="1"/>
                <line number="245" hits="1"/>
                <line number="246" hits="1"/>
                <line number="248" hits="1"/>
                <line number="250" hits="1"/>
                <line number="251" hits="0"/>
                <line number="252" hits="0"/>
                <line number="255" hits="1"/>
              </lines>
            </method>
            <method name="renderScripts" signature="string|array $entryPoint, array $attributes" line-rate="0.9" branch-rate="0" complexity="4">
              <lines>
                <line number="346" hits="1"/>
                <line number="348" hits="1"/>
                <line number="349" hits="0"/>
                <line number="352" hits="1"/>
                <line number="353" hits="1"/>
                <line number="355" hits="1"/>
                <line number="356" hits="1"/>
                <line number="357" hits="1"/>
                <line number="360" hits="1"/>
                <line number="362" hits="1"/>
              </lines>
            </method>
            <method name="reset" signature="" line-rate="0" branch-rate="0" complexity="1">
              <lines>
                <line number="371" hits="0"/>
              </lines>
            </method>
            <method name="addWebLinkPreloads" signature="Request $request, array $webLinks" line-rate="0" branch-rate="0" complexity="5">
              <lines>
                <line number="380" hits="0"/>
                <line number="381" hits="0"/>
                <line number="384" hits="0"/>
                <line number="386" hits="0"/>
                <line number="387" hits="0"/>
                <line number="390" hits="0"/>
                <line number="391" hits="0"/>
                <line number="392" hits="0"/>
                <line number="394" hits="0"/>
                <line number="395" hits="0"/>
                <line number="398" hits="0"/>
                <line number="401" hits="0"/>
              </lines>
            </method>
            <method name="createAttributesString" signature="array $attributes, string $pattern, string $glue, int $flags" line-rate="0" branch-rate="0" complexity="6">
              <lines>
                <line number="413" hits="0"/>
                <line number="415" hits="0"/>
                <line number="417" hits="0"/>
                <line number="418" hits="0"/>
                <line number="421" hits="0"/>
                <line number="422" hits="0"/>
                <line number="423" hits="0"/>
                <line number="426" hits="0"/>
                <line number="427" hits="0"/>
                <line number="429" hits="0"/>
                <line number="432" hits="0"/>
              </lines>
            </method>
            <method name="escapeAttributeValue" signature="string $value, int $flags" line-rate="1" branch-rate="0" complexity="1">
              <lines>
                <line number="439" hits="1"/>
              </lines>
            </method>
            <method name="isDefinitionRendered" signature="" line-rate="1" branch-rate="0" complexity="1">
              <lines>
                <line number="447" hits="1"/>
                <line number="449" hits="1"/>
              </lines>
            </method>
            <method name="markDefinitionRendered" signature="" line-rate="1" branch-rate="0" complexity="1">
              <lines>
                <line number="457" hits="1"/>
                <line number="458" hits="1"/>
              </lines>
            </method>
          </methods>
          <lines>
            <line number="67" hits="2"/>
            <line number="68" hits="2"/>
            <line number="159" hits="1"/>
            <line number="160" hits="0"/>
            <line number="163" hits="1"/>
            <line number="164" hits="1"/>
            <line number="166" hits="1"/>
            <line number="167" hits="0"/>
            <line number="169" hits="0"/>
            <line number="170" hits="0"/>
            <line number="171" hits="0"/>
            <line number="174" hits="0"/>
            <line number="175" hits="0"/>
            <line number="180" hits="1"/>
            <line number="182" hits="1"/>
            <line number="183" hits="1"/>
            <line number="184" hits="1"/>
            <line number="185" hits="1"/>
            <line number="187" hits="1"/>
            <line number="188" hits="0"/>
            <line number="190" hits="0"/>
            <line number="191" hits="0"/>
            <line number="194" hits="0"/>
            <line number="195" hits="0"/>
            <line number="198" hits="0"/>
            <line number="200" hits="0"/>
            <line number="201" hits="0"/>
            <line number="203" hits="0"/>
            <line number="204" hits="0"/>
            <line number="206" hits="0"/>
            <line number="207" hits="0"/>
            <line number="209" hits="0"/>
            <line number="210" hits="0"/>
            <line number="212" hits="0"/>
            <line number="213" hits="0"/>
            <line number="214" hits="0"/>
            <line number="216" hits="0"/>
            <line number="220" hits="1"/>
            <line number="222" hits="1"/>
            <line number="223" hits="0"/>
            <line number="224" hits="0"/>
            <line number="228" hits="1"/>
            <line number="229" hits="0"/>
            <line number="232" hits="1"/>
            <line number="234" hits="1"/>
            <line number="236" hits="1"/>
            <line number="237" hits="1"/>
            <line number="239" hits="1"/>
            <line number="241" hits="1"/>
            <line number="243" hits="1"/>
            <line number="245" hits="1"/>
            <line number="246" hits="1"/>
            <line number="248" hits="1"/>
            <line number="250" hits="1"/>
            <line number="251" hits="0"/>
            <line number="252" hits="0"/>
            <line number="255" hits="1"/>
            <line number="346" hits="1"/>
            <line number="348" hits="1"/>
            <line number="349" hits="0"/>
            <line number="352" hits="1"/>
            <line number="353" hits="1"/>
            <line number="355" hits="1"/>
            <line number="356" hits="1"/>
            <line number="357" hits="1"/>
            <line number="360" hits="1"/>
            <line number="362" hits="1"/>
            <line number="371" hits="0"/>
            <line number="380" hits="0"/>
            <line number="381" hits="0"/>
            <line number="384" hits="0"/>
            <line number="386" hits="0"/>
            <line number="387" hits="0"/>
            <line number="390" hits="0"/>
            <line number="391" hits="0"/>
            <line number="392" hits="0"/>
            <line number="394" hits="0"/>
            <line number="395" hits="0"/>
            <line number="398" hits="0"/>
            <line number="401" hits="0"/>
            <line number="413" hits="0"/>
            <line number="415" hits="0"/>
            <line number="417" hits="0"/>
            <line number="418" hits="0"/>
            <line number="421" hits="0"/>
            <line number="422" hits="0"/>
            <line number="423" hits="0"/>
            <line number="426" hits="0"/>
            <line number="427" hits="0"/>
            <line number="429" hits="0"/>
            <line number="432" hits="0"/>
            <line number="439" hits="1"/>
            <line number="447" hits="1"/>
            <line number="449" hits="1"/>
            <line number="457" hits="1"/>
            <line number="458" hits="1"/>
          </lines>
        </class>
      </classes>
    </package>
  </packages>
</coverage>
